<?xml version="1.0" encoding="UTF-8"?>
<beans  xmlns="http://www.springframework.org/schema/beans"
        xmlns:xsi="http://www.w3.org/2001/XMLSchema-instance"
        xmlns:jdbc="http://www.springframework.org/schema/jdbc"
        xsi:schemaLocation="http://www.springframework.org/schema/beans
                                                    http://www.springframework.org/schema/beans/spring-beans-3.0.xsd
                                                    http://www.springframework.org/schema/jdbc
                                                    http://www.springframework.org/schema/jdbc/spring-jdbc-3.0.xsd">
    <import resource="query-context.xml"/>

    <jdbc:embedded-database id="dataSource"  type="H2" >
        <jdbc:script location="classpath:db/create-db.sql" />
        <jdbc:script location="classpath:db/insert-data.sql" />
    </jdbc:embedded-database>


    <bean id="movieService" class="org.mockito.Mockito" factory-method="mock">
        <constructor-arg value="com.pager.movieland.service.MovieService" />
    </bean>

    <bean id="genreService" class="org.mockito.Mockito" factory-method="mock">
        <constructor-arg value="com.pager.movieland.service.GenreService" />
    </bean>

</beans>